<?xml version="1.0" encoding="UTF-8"?>
<!-- Generated by org.testng.reporters.JUnitReportReporter -->
<testsuite hostname="DESKTOP-9QM68UQ" failures="0" tests="1" name="TestCases.ReadAllProducts" time="4.969" errors="0" timestamp="2025-02-10T11:21:38 CAT" skipped="0">
  <testcase classname="TestCases.ReadAllProducts" name="readAllProducts" time="4.969"/>
</testsuite> <!-- TestCases.ReadAllProducts -->
