<?xml version="1.0" encoding="UTF-8"?>
<!-- Generated by org.testng.reporters.JUnitReportReporter -->
<testsuite hostname="DESKTOP-9QM68UQ" failures="0" tests="1" name="TestCases.ReadAllProducts" time="6.379" errors="0" timestamp="2025-02-08T12:36:04 CAT" skipped="0">
  <testcase classname="TestCases.ReadAllProducts" name="readAllProducts" time="6.379"/>
</testsuite> <!-- TestCases.ReadAllProducts -->
