<?xml version="1.0" encoding="UTF-8"?>
<!-- Generated by org.testng.reporters.JUnitReportReporter -->
<testsuite hostname="DESKTOP-9QM68UQ" failures="0" tests="1" name="TestCases.ReadAllUserAccounts" time="8.080" errors="0" timestamp="2025-02-11T10:30:37 CAT" skipped="0">
  <testcase classname="TestCases.ReadAllUserAccounts" name="readAllUserAccounts" time="8.080"/>
</testsuite> <!-- TestCases.ReadAllUserAccounts -->
