<?xml version="1.0" encoding="UTF-8"?>
<!-- Generated by org.testng.reporters.JUnitReportReporter -->
<testsuite hostname="DESKTOP-9QM68UQ" failures="0" tests="1" name="TestCases.ReadAllUserAccounts" time="6.515" errors="0" timestamp="2025-02-15T10:08:47 CAT" skipped="0">
  <testcase classname="TestCases.ReadAllUserAccounts" name="readAllUserAccounts" time="6.515"/>
</testsuite> <!-- TestCases.ReadAllUserAccounts -->
