<?xml version="1.0" encoding="UTF-8"?>
<!-- Generated by org.testng.reporters.JUnitReportReporter -->
<testsuite hostname="DESKTOP-9QM68UQ" failures="0" tests="1" name="TestCases.ReadAllProducts" time="4.936" errors="0" timestamp="2025-02-15T10:08:07 CAT" skipped="0">
  <testcase classname="TestCases.ReadAllProducts" name="readAllProducts" time="4.936"/>
</testsuite> <!-- TestCases.ReadAllProducts -->
